<?xml version="1.0" encoding="UTF-8"?>
<!-- Generated by org.testng.reporters.JUnitReportReporter -->
<testsuite hostname="LAPTOP-HUB3DN2R" failures="0" tests="1" name="org.demoStore.runner.Runner" time="132.334" errors="0" timestamp="2024-08-07T19:26:00 IST" skipped="0">
  <testcase classname="org.demoStore.runner.Runner" name="runScenario" time="132.334"/>
</testsuite> <!-- org.demoStore.runner.Runner -->
